  main.cpp
..\..\source\main.cpp(130): warning C4305: '-=' : 從 'double' 轉換為 'float'，是由較大的類型轉換為較小的類型，可能導致資料遺失
..\..\source\main.cpp(136): warning C4305: '+=' : 從 'double' 轉換為 'float'，是由較大的類型轉換為較小的類型，可能導致資料遺失
..\..\source\main.cpp(144): warning C4305: '-=' : 從 'double' 轉換為 'float'，是由較大的類型轉換為較小的類型，可能導致資料遺失
..\..\source\main.cpp(150): warning C4305: '+=' : 從 'double' 轉換為 'float'，是由較大的類型轉換為較小的類型，可能導致資料遺失
..\..\source\main.cpp(158): warning C4305: '-=' : 從 'double' 轉換為 'float'，是由較大的類型轉換為較小的類型，可能導致資料遺失
..\..\source\main.cpp(164): warning C4305: '+=' : 從 'double' 轉換為 'float'，是由較大的類型轉換為較小的類型，可能導致資料遺失
..\..\source\main.cpp(172): warning C4305: '-=' : 從 'double' 轉換為 'float'，是由較大的類型轉換為較小的類型，可能導致資料遺失
..\..\source\main.cpp(178): warning C4305: '+=' : 從 'double' 轉換為 'float'，是由較大的類型轉換為較小的類型，可能導致資料遺失
..\..\source\main.cpp(186): warning C4305: '-=' : 從 'double' 轉換為 'float'，是由較大的類型轉換為較小的類型，可能導致資料遺失
..\..\source\main.cpp(192): warning C4305: '+=' : 從 'double' 轉換為 'float'，是由較大的類型轉換為較小的類型，可能導致資料遺失
..\..\source\main.cpp(201): warning C4305: '-=' : 從 'double' 轉換為 'float'，是由較大的類型轉換為較小的類型，可能導致資料遺失
..\..\source\main.cpp(207): warning C4305: '+=' : 從 'double' 轉換為 'float'，是由較大的類型轉換為較小的類型，可能導致資料遺失
..\..\source\main.cpp(215): warning C4305: '-=' : 從 'double' 轉換為 'float'，是由較大的類型轉換為較小的類型，可能導致資料遺失
..\..\source\main.cpp(221): warning C4305: '+=' : 從 'double' 轉換為 'float'，是由較大的類型轉換為較小的類型，可能導致資料遺失
..\..\source\main.cpp(229): warning C4305: '-=' : 從 'double' 轉換為 'float'，是由較大的類型轉換為較小的類型，可能導致資料遺失
..\..\source\main.cpp(235): warning C4305: '+=' : 從 'double' 轉換為 'float'，是由較大的類型轉換為較小的類型，可能導致資料遺失
..\..\source\main.cpp(243): warning C4305: '-=' : 從 'double' 轉換為 'float'，是由較大的類型轉換為較小的類型，可能導致資料遺失
..\..\source\main.cpp(249): warning C4305: '+=' : 從 'double' 轉換為 'float'，是由較大的類型轉換為較小的類型，可能導致資料遺失
..\..\source\main.cpp(264): warning C4305: '+=' : 從 'double' 轉換為 'float'，是由較大的類型轉換為較小的類型，可能導致資料遺失
..\..\source\main.cpp(267): warning C4305: '-=' : 從 'double' 轉換為 'float'，是由較大的類型轉換為較小的類型，可能導致資料遺失
..\..\source\main.cpp(270): warning C4305: '+=' : 從 'double' 轉換為 'float'，是由較大的類型轉換為較小的類型，可能導致資料遺失
..\..\source\main.cpp(273): warning C4305: '-=' : 從 'double' 轉換為 'float'，是由較大的類型轉換為較小的類型，可能導致資料遺失
..\..\source\main.cpp(298): warning C4305: '+=' : 從 'double' 轉換為 'float'，是由較大的類型轉換為較小的類型，可能導致資料遺失
..\..\source\main.cpp(490): warning C4996: 'fopen': This function or variable may be unsafe. Consider using fopen_s instead. To disable deprecation, use _CRT_SECURE_NO_WARNINGS. See online help for details.
          C:\Program Files (x86)\Microsoft Visual Studio 12.0\VC\include\stdio.h(211) : 請參閱 'fopen' 的宣告
..\..\source\main.cpp(595): warning C4018: '<' : signed/unsigned 不相符
..\..\source\main.cpp(629): warning C4018: '<' : signed/unsigned 不相符
..\..\source\main.cpp(781): warning C4244: '正在初始化' : 將 'double' 轉換為 'float'，由於類型不同，可能導致資料遺失
..\..\source\main.cpp(782): warning C4244: '正在初始化' : 將 'double' 轉換為 'float'，由於類型不同，可能導致資料遺失
..\..\source\main.cpp(858): warning C4244: '=' : 將 'double' 轉換為 'float'，由於類型不同，可能導致資料遺失
..\..\source\main.cpp(863): warning C4244: '正在初始化' : 將 'double' 轉換為 'float'，由於類型不同，可能導致資料遺失
..\..\source\main.cpp(885): warning C4244: '=' : 將 'double' 轉換為 'float'，由於類型不同，可能導致資料遺失
  正在產生程式碼
  已完成程式碼產生
  ConsoleApplication.vcxproj -> D:\NCKU\Computer_Graph_Application\HW4\Lighting_Animation\build\Release\ConsoleApplication.exe
